d:\!!translator\transyntax\debug\transyntax.pch
d:\!!translator\transyntax\debug\vc141.pdb
d:\!!translator\transyntax\debug\vc141.idb
d:\!!translator\transyntax\debug\stdafx.sbr
d:\!!translator\transyntax\debug\stdafx.obj
d:\!!translator\transyntax\debug\csyntax.sbr
d:\!!translator\transyntax\debug\dsyntax.sbr
d:\!!translator\transyntax\debug\msyntax.sbr
d:\!!translator\transyntax\debug\syntax.sbr
d:\!!translator\transyntax\debug\transyntax.sbr
d:\!!translator\transyntax\debug\tsyntax.sbr
d:\!!translator\transyntax\debug\tsyntax.obj
d:\!!translator\transyntax\debug\transyntax.obj
d:\!!translator\transyntax\debug\syntax.obj
d:\!!translator\transyntax\debug\msyntax.obj
d:\!!translator\transyntax\debug\dsyntax.obj
d:\!!translator\transyntax\debug\csyntax.obj
d:\!!translator\debug\transyntax.ilk
d:\!!translator\debug\transyntax.exe
d:\!!translator\debug\transyntax.pdb
d:\!!translator\debug\transyntax.bsc
d:\!!translator\transyntax\debug\transyntax.tlog\bscmake.command.1.tlog
d:\!!translator\transyntax\debug\transyntax.tlog\bscmake.read.1.tlog
d:\!!translator\transyntax\debug\transyntax.tlog\cl.command.1.tlog
d:\!!translator\transyntax\debug\transyntax.tlog\cl.read.1.tlog
d:\!!translator\transyntax\debug\transyntax.tlog\cl.write.1.tlog
d:\!!translator\transyntax\debug\transyntax.tlog\link.command.1.tlog
d:\!!translator\transyntax\debug\transyntax.tlog\link.read.1.tlog
d:\!!translator\transyntax\debug\transyntax.tlog\link.write.1.tlog
