d:\!!translator\tranrules\debug\tranrules.pch
d:\!!translator\tranrules\debug\vc141.pdb
d:\!!translator\tranrules\debug\vc141.idb
d:\!!translator\tranrules\debug\stdafx.sbr
d:\!!translator\tranrules\debug\stdafx.obj
d:\!!translator\tranrules\debug\rsyntax.sbr
d:\!!translator\tranrules\debug\tranrules.sbr
d:\!!translator\tranrules\debug\tranrules.obj
d:\!!translator\tranrules\debug\rsyntax.obj
d:\!!translator\debug\tranrules.ilk
d:\!!translator\debug\tranrules.exe
d:\!!translator\debug\tranrules.pdb
d:\!!translator\debug\tranrules.bsc
d:\!!translator\tranrules\debug\tranrules.tlog\bscmake.command.1.tlog
d:\!!translator\tranrules\debug\tranrules.tlog\bscmake.read.1.tlog
d:\!!translator\tranrules\debug\tranrules.tlog\cl.command.1.tlog
d:\!!translator\tranrules\debug\tranrules.tlog\cl.read.1.tlog
d:\!!translator\tranrules\debug\tranrules.tlog\cl.write.1.tlog
d:\!!translator\tranrules\debug\tranrules.tlog\link.command.1.tlog
d:\!!translator\tranrules\debug\tranrules.tlog\link.read.1.tlog
d:\!!translator\tranrules\debug\tranrules.tlog\link.write.1.tlog
