d:\!!translator\trangrammar\debug\trangrammar.pch
d:\!!translator\trangrammar\debug\vc141.pdb
d:\!!translator\trangrammar\debug\vc141.idb
d:\!!translator\trangrammar\debug\stdafx.sbr
d:\!!translator\trangrammar\debug\stdafx.obj
d:\!!translator\trangrammar\debug\c99_lexer.sbr
d:\!!translator\trangrammar\debug\cgrammar.sbr
d:\!!translator\trangrammar\debug\gsyntax.sbr
d:\!!translator\trangrammar\debug\trangrammar.sbr
d:\!!translator\trangrammar\debug\trangrammar.obj
d:\!!translator\trangrammar\debug\gsyntax.obj
d:\!!translator\trangrammar\debug\cgrammar.obj
d:\!!translator\trangrammar\debug\c99_lexer.obj
d:\!!translator\debug\trangrammar.ilk
d:\!!translator\debug\trangrammar.exe
d:\!!translator\debug\trangrammar.pdb
d:\!!translator\debug\trangrammar.bsc
d:\!!translator\trangrammar\debug\trangrammar.tlog\bscmake.command.1.tlog
d:\!!translator\trangrammar\debug\trangrammar.tlog\bscmake.read.1.tlog
d:\!!translator\trangrammar\debug\trangrammar.tlog\cl.command.1.tlog
d:\!!translator\trangrammar\debug\trangrammar.tlog\cl.read.1.tlog
d:\!!translator\trangrammar\debug\trangrammar.tlog\cl.write.1.tlog
d:\!!translator\trangrammar\debug\trangrammar.tlog\link.command.1.tlog
d:\!!translator\trangrammar\debug\trangrammar.tlog\link.read.1.tlog
d:\!!translator\trangrammar\debug\trangrammar.tlog\link.write.1.tlog
