d:\!!translator\tranparse\debug\tranparse.pch
d:\!!translator\tranparse\debug\vc141.pdb
d:\!!translator\tranparse\debug\vc141.idb
d:\!!translator\tranparse\debug\stdafx.sbr
d:\!!translator\tranparse\debug\stdafx.obj
d:\!!translator\tranparse\debug\c99_lexer.sbr
d:\!!translator\tranparse\debug\tranparse.sbr
d:\!!translator\tranparse\debug\tranparse.obj
d:\!!translator\tranparse\debug\c99_lexer.obj
d:\!!translator\debug\tranparse.ilk
d:\!!translator\debug\tranparse.exe
d:\!!translator\debug\tranparse.pdb
d:\!!translator\debug\tranparse.bsc
d:\!!translator\tranparse\debug\tranparse.tlog\bscmake.command.1.tlog
d:\!!translator\tranparse\debug\tranparse.tlog\bscmake.read.1.tlog
d:\!!translator\tranparse\debug\tranparse.tlog\cl.command.1.tlog
d:\!!translator\tranparse\debug\tranparse.tlog\cl.read.1.tlog
d:\!!translator\tranparse\debug\tranparse.tlog\cl.write.1.tlog
d:\!!translator\tranparse\debug\tranparse.tlog\link.command.1.tlog
d:\!!translator\tranparse\debug\tranparse.tlog\link.read.1.tlog
d:\!!translator\tranparse\debug\tranparse.tlog\link.write.1.tlog
