d:\!!translator\treenodecode\debug\treenodecode.pch
d:\!!translator\treenodecode\debug\treenodecode.pdb
d:\!!translator\treenodecode\debug\treenodecode.idb
d:\!!translator\treenodecode\debug\stdafx.sbr
d:\!!translator\treenodecode\debug\stdafx.obj
d:\!!translator\treenodecode\debug\asemantic.sbr
d:\!!translator\treenodecode\debug\asyntax.sbr
d:\!!translator\treenodecode\debug\grammar.sbr
d:\!!translator\treenodecode\debug\grammarstock.sbr
d:\!!translator\treenodecode\debug\inhelp.sbr
d:\!!translator\treenodecode\debug\maker.sbr
d:\!!translator\treenodecode\debug\parse.sbr
d:\!!translator\treenodecode\debug\rules.sbr
d:\!!translator\treenodecode\debug\snodes.sbr
d:\!!translator\treenodecode\debug\tables.sbr
d:\!!translator\treenodecode\debug\tnodes.sbr
d:\!!translator\treenodecode\debug\tsemantic.sbr
d:\!!translator\treenodecode\debug\variables.sbr
d:\!!translator\treenodecode\debug\variables.obj
d:\!!translator\treenodecode\debug\tsemantic.obj
d:\!!translator\treenodecode\debug\tnodes.obj
d:\!!translator\treenodecode\debug\tables.obj
d:\!!translator\treenodecode\debug\snodes.obj
d:\!!translator\treenodecode\debug\rules.obj
d:\!!translator\treenodecode\debug\parse.obj
d:\!!translator\treenodecode\debug\maker.obj
d:\!!translator\treenodecode\debug\inhelp.obj
d:\!!translator\treenodecode\debug\grammarstock.obj
d:\!!translator\treenodecode\debug\grammar.obj
d:\!!translator\treenodecode\debug\asyntax.obj
d:\!!translator\treenodecode\debug\asemantic.obj
d:\!!translator\debug\treenodecode.lib
d:\!!translator\debug\treenodecode.pdb
d:\!!translator\debug\treenodecode.bsc
d:\!!translator\treenodecode\debug\treenodecode.tlog\bscmake.command.1.tlog
d:\!!translator\treenodecode\debug\treenodecode.tlog\bscmake.read.1.tlog
d:\!!translator\treenodecode\debug\treenodecode.tlog\cl.command.1.tlog
d:\!!translator\treenodecode\debug\treenodecode.tlog\cl.read.1.tlog
d:\!!translator\treenodecode\debug\treenodecode.tlog\cl.write.1.tlog
d:\!!translator\treenodecode\debug\treenodecode.tlog\lib-link.read.1.tlog
d:\!!translator\treenodecode\debug\treenodecode.tlog\lib-link.write.1.tlog
d:\!!translator\treenodecode\debug\treenodecode.tlog\lib.command.1.tlog
