d:\!!translator\treenodecode\release\treenodecode.pch
d:\!!translator\treenodecode\release\treenodecode.pdb
d:\!!translator\treenodecode\release\stdafx.obj
d:\!!translator\treenodecode\release\variables.obj
d:\!!translator\treenodecode\release\tsemantic.obj
d:\!!translator\treenodecode\release\tnodes.obj
d:\!!translator\treenodecode\release\tables.obj
d:\!!translator\treenodecode\release\snodes.obj
d:\!!translator\treenodecode\release\rules.obj
d:\!!translator\treenodecode\release\parse.obj
d:\!!translator\treenodecode\release\maker.obj
d:\!!translator\treenodecode\release\inhelp.obj
d:\!!translator\treenodecode\release\grammarstock.obj
d:\!!translator\treenodecode\release\grammar.obj
d:\!!translator\treenodecode\release\asyntax.obj
d:\!!translator\treenodecode\release\asemantic.obj
d:\!!translator\release\treenodecode.lib
d:\!!translator\treenodecode\release\treenodecode.tlog\cl.command.1.tlog
d:\!!translator\treenodecode\release\treenodecode.tlog\cl.read.1.tlog
d:\!!translator\treenodecode\release\treenodecode.tlog\cl.write.1.tlog
d:\!!translator\treenodecode\release\treenodecode.tlog\lib-link.read.1.tlog
d:\!!translator\treenodecode\release\treenodecode.tlog\lib-link.write.1.tlog
d:\!!translator\treenodecode\release\treenodecode.tlog\lib.command.1.tlog
