d:\!!translator\tablebuilder\debug\tablebuilder.pch
d:\!!translator\tablebuilder\debug\vc141.pdb
d:\!!translator\tablebuilder\debug\vc141.idb
d:\!!translator\tablebuilder\debug\stdafx.obj
d:\!!translator\tablebuilder\debug\fyaccparse.obj
d:\!!translator\tablebuilder\debug\tablebuilder.obj
d:\!!translator\tablebuilder\debug\lrbuilder.obj
d:\!!translator\tablebuilder\debug\kbuilder.obj
d:\!!translator\tablebuilder\debug\gsyntax.obj
d:\!!translator\tablebuilder\debug\gbuilder.obj
d:\!!translator\tablebuilder\debug\fsyntax.obj
d:\!!translator\tablebuilder\debug\c99_lexer.obj
d:\!!translator\debug\tablebuilder.ilk
d:\!!translator\debug\tablebuilder.exe
d:\!!translator\debug\tablebuilder.pdb
d:\!!translator\tablebuilder\debug\tablebuilder.tlog\cl.command.1.tlog
d:\!!translator\tablebuilder\debug\tablebuilder.tlog\cl.read.1.tlog
d:\!!translator\tablebuilder\debug\tablebuilder.tlog\cl.write.1.tlog
d:\!!translator\tablebuilder\debug\tablebuilder.tlog\link.command.1.tlog
d:\!!translator\tablebuilder\debug\tablebuilder.tlog\link.read.1.tlog
d:\!!translator\tablebuilder\debug\tablebuilder.tlog\link.write.1.tlog
