d:\!!translator\translator\debug\translator.pch
d:\!!translator\translator\debug\vc141.pdb
d:\!!translator\translator\debug\vc141.idb
d:\!!translator\translator\debug\stdafx.sbr
d:\!!translator\translator\debug\stdafx.obj
d:\!!translator\translator\debug\c99_lexer.sbr
d:\!!translator\translator\debug\csyntax.sbr
d:\!!translator\translator\debug\fsyntax.sbr
d:\!!translator\translator\debug\fyaccparse.sbr
d:\!!translator\translator\debug\gbuilder.sbr
d:\!!translator\translator\debug\gsyntax.sbr
d:\!!translator\translator\debug\kbuilder.sbr
d:\!!translator\translator\debug\lrbuilder.sbr
d:\!!translator\translator\debug\msyntax.sbr
d:\!!translator\translator\debug\psyntax.sbr
d:\!!translator\translator\debug\rsyntax.sbr
d:\!!translator\translator\debug\sqlsyntax.sbr
d:\!!translator\translator\debug\syntax.sbr
d:\!!translator\translator\debug\tsyntax.sbr
d:\!!translator\translator\debug\translator.sbr
d:\!!translator\translator\debug\translator.obj
d:\!!translator\translator\debug\tsyntax.obj
d:\!!translator\translator\debug\syntax.obj
d:\!!translator\translator\debug\sqlsyntax.obj
d:\!!translator\translator\debug\rsyntax.obj
d:\!!translator\translator\debug\psyntax.obj
d:\!!translator\translator\debug\msyntax.obj
d:\!!translator\translator\debug\lrbuilder.obj
d:\!!translator\translator\debug\kbuilder.obj
d:\!!translator\translator\debug\gsyntax.obj
d:\!!translator\translator\debug\gbuilder.obj
d:\!!translator\translator\debug\fyaccparse.obj
d:\!!translator\translator\debug\fsyntax.obj
d:\!!translator\translator\debug\csyntax.obj
d:\!!translator\translator\debug\c99_lexer.obj
d:\!!translator\debug\translator.ilk
d:\!!translator\debug\translator.exe
d:\!!translator\debug\translator.pdb
d:\!!translator\debug\translator.bsc
d:\!!translator\translator\debug\translator.tlog\bscmake.command.1.tlog
d:\!!translator\translator\debug\translator.tlog\bscmake.read.1.tlog
d:\!!translator\translator\debug\translator.tlog\cl.command.1.tlog
d:\!!translator\translator\debug\translator.tlog\cl.read.1.tlog
d:\!!translator\translator\debug\translator.tlog\cl.write.1.tlog
d:\!!translator\translator\debug\translator.tlog\link.command.1.tlog
d:\!!translator\translator\debug\translator.tlog\link.read.1.tlog
d:\!!translator\translator\debug\translator.tlog\link.write.1.tlog
