d:\!!translator\tranyacc\debug\tranyacc.pch
d:\!!translator\tranyacc\debug\vc141.pdb
d:\!!translator\tranyacc\debug\vc141.idb
d:\!!translator\tranyacc\debug\stdafx.sbr
d:\!!translator\tranyacc\debug\stdafx.obj
d:\!!translator\tranyacc\debug\cgrammar.sbr
d:\!!translator\tranyacc\debug\gsyntax.sbr
d:\!!translator\tranyacc\debug\psyntax.sbr
d:\!!translator\tranyacc\debug\tranyacc.sbr
d:\!!translator\tranyacc\debug\ysyntax.sbr
d:\!!translator\tranyacc\debug\ysyntax.obj
d:\!!translator\tranyacc\debug\tranyacc.obj
d:\!!translator\tranyacc\debug\psyntax.obj
d:\!!translator\tranyacc\debug\gsyntax.obj
d:\!!translator\tranyacc\debug\cgrammar.obj
d:\!!translator\debug\tranyacc.ilk
d:\!!translator\debug\tranyacc.exe
d:\!!translator\debug\tranyacc.pdb
d:\!!translator\debug\tranyacc.bsc
d:\!!translator\tranyacc\debug\tranyacc.tlog\bscmake.command.1.tlog
d:\!!translator\tranyacc\debug\tranyacc.tlog\bscmake.read.1.tlog
d:\!!translator\tranyacc\debug\tranyacc.tlog\cl.command.1.tlog
d:\!!translator\tranyacc\debug\tranyacc.tlog\cl.read.1.tlog
d:\!!translator\tranyacc\debug\tranyacc.tlog\cl.write.1.tlog
d:\!!translator\tranyacc\debug\tranyacc.tlog\link.command.1.tlog
d:\!!translator\tranyacc\debug\tranyacc.tlog\link.read.1.tlog
d:\!!translator\tranyacc\debug\tranyacc.tlog\link.write.1.tlog
