d:\!!translator\translator\release\translator.pch
d:\!!translator\translator\release\vc141.pdb
d:\!!translator\translator\release\stdafx.obj
d:\!!translator\translator\release\translator.obj
d:\!!translator\translator\release\tsyntax.obj
d:\!!translator\translator\release\syntax.obj
d:\!!translator\translator\release\sqlsyntax.obj
d:\!!translator\translator\release\rsyntax.obj
d:\!!translator\translator\release\psyntax.obj
d:\!!translator\translator\release\msyntax.obj
d:\!!translator\translator\release\lrbuilder.obj
d:\!!translator\translator\release\kbuilder.obj
d:\!!translator\translator\release\gsyntax.obj
d:\!!translator\translator\release\gbuilder.obj
d:\!!translator\translator\release\fyaccparse.obj
d:\!!translator\translator\release\fsyntax.obj
d:\!!translator\translator\release\csyntax.obj
d:\!!translator\translator\release\c99_lexer.obj
d:\!!translator\release\translator.exe
d:\!!translator\release\translator.pdb
d:\!!translator\release\translator.ipdb
d:\!!translator\release\translator.iobj
d:\!!translator\translator\release\translator.tlog\cl.command.1.tlog
d:\!!translator\translator\release\translator.tlog\cl.read.1.tlog
d:\!!translator\translator\release\translator.tlog\cl.write.1.tlog
d:\!!translator\translator\release\translator.tlog\link.command.1.tlog
d:\!!translator\translator\release\translator.tlog\link.read.1.tlog
d:\!!translator\translator\release\translator.tlog\link.write.1.tlog
d:\!!translator\translator\release\translator.tlog\translator.write.1u.tlog
